<?xml version="1.0" encoding="UTF-8"?>
<!-- Generated by org.testng.reporters.JUnitReportReporter -->
<testsuite skipped="0" hostname="Nitu-465-QA" name="com.midtrans.Testcases.Testcasesformidtran" tests="14" failures="0" timestamp="29 Aug 2021 14:22:47 GMT" time="72.711" errors="0">
  <testcase name="verifybuynowbuttonfunctionality" time="7.232" classname="com.midtrans.Testcases.Testcasesformidtran"/>
  <testcase name="verifynametextfield" time="4.102" classname="com.midtrans.Testcases.Testcasesformidtran"/>
  <testcase name="verifyEmailtextfield" time="2.072" classname="com.midtrans.Testcases.Testcasesformidtran"/>
  <testcase name="verifyphonenotextfield" time="2.073" classname="com.midtrans.Testcases.Testcasesformidtran"/>
  <testcase name="verifycitytextfield" time="2.067" classname="com.midtrans.Testcases.Testcasesformidtran"/>
  <testcase name="verifyaddresstextfield" time="2.059" classname="com.midtrans.Testcases.Testcasesformidtran"/>
  <testcase name="verifypostalcodetextfield" time="2.071" classname="com.midtrans.Testcases.Testcasesformidtran"/>
  <testcase name="verifythetextboxiseditable" time="29.465" classname="com.midtrans.Testcases.Testcasesformidtran"/>
  <testcase name="verifycheckoutbuttonfunctionality" time="4.206" classname="com.midtrans.Testcases.Testcasesformidtran"/>
  <testcase name="getproductdetailsonordersummarypage" time="2.086" classname="com.midtrans.Testcases.Testcasesformidtran"/>
  <testcase name="verifythefunctionaliyofcontinuebuttn" time="5.174" classname="com.midtrans.Testcases.Testcasesformidtran"/>
  <testcase name="verifythedifferentpaymentvalueonselectpaymentpage" time="0.656" classname="com.midtrans.Testcases.Testcasesformidtran"/>
  <testcase name="clickoncreditdebitcardoption" time="0.152" classname="com.midtrans.Testcases.Testcasesformidtran"/>
  <testcase name="validateamountafterapplyingcoupon" time="9.296" classname="com.midtrans.Testcases.Testcasesformidtran"/>
</testsuite> <!-- com.midtrans.Testcases.Testcasesformidtran -->
